2025-08-31 10:24:21,359 - root - INFO - ********** Run 1 starts. **********
2025-08-31 10:24:21,359 - root - INFO - Configuration is Namespace(dataset_name='wikipedia', batch_size=200, model_name='STAMPEDE', gpu=0, num_neighbors=20, sample_neighbor_strategy='recent', time_scaling_factor=1e-06, num_walk_heads=8, num_heads=2, num_layers=2, walk_length=1, time_gap=2000, time_feat_dim=100, position_feat_dim=172, time_window_mode='fixed_proportion', patch_size=1, channel_embedding_dim=50, max_input_sequence_length=32, learning_rate=0.0001, dropout=0.1, gamma=0.5, num_epochs=2, optimizer='Adam', weight_decay=0.0, patience=20, val_ratio=0.15, test_ratio=0.15, num_runs=1, test_interval_epochs=1, negative_sample_strategy='random', max_interaction_times=10, load_best_configs=False, fusion_method='clifford', embedding_type='only_spatial', spatial_dim=32, temporal_dim=32, output_dim=64, backbone='TGAT', device='cuda:0', seed=0, save_model_name='STAMPEDE-TGAT-clifford-only_spatial_seed0')
2025-08-31 10:24:21,667 - root - INFO - Instantiating model: TGAT
2025-08-31 10:24:21,725 - root - INFO - model -> Sequential(
  (0): TGAT(
    (feature_preprocessor): STAMPEDE_Feature_Processor(
      (spatial_encoder): DynamicSpatialEncoder(
        (gnn): GIN(
          (layers): ModuleList(
            (0-1): 2 x GINLayer()
          )
          (batch_norms): ModuleList(
            (0): BatchNorm1d(32, eps=1e-05, momentum=0.1, affine=True, track_running_stats=True)
          )
        )
        (node_feature_projection): Linear(in_features=1, out_features=32, bias=True)
      )
      (temporal_encoder): CombinedLeTE(
        (w1_fourier): Linear(in_features=1, out_features=16, bias=True)
        (w1_spline): Linear(in_features=1, out_features=16, bias=True)
        (w2_fourier): FourierSeries()
        (w2_spline): Spline()
        (layernorm): LayerNorm((32,), eps=1e-05, elementwise_affine=True)
      )
      (fusion_layer): STAMPEDE_FusionLayer(
        (spatial_input_mlp): Sequential(
          (0): Linear(in_features=32, out_features=32, bias=True)
          (1): ReLU()
          (2): Dropout(p=0.1, inplace=False)
          (3): Linear(in_features=32, out_features=32, bias=True)
        )
        (temporal_input_mlp): Sequential(
          (0): Linear(in_features=32, out_features=32, bias=True)
          (1): ReLU()
          (2): Dropout(p=0.1, inplace=False)
          (3): Linear(in_features=32, out_features=32, bias=True)
        )
        (output_mlp): Sequential(
          (0): Linear(in_features=1024, out_features=1024, bias=True)
          (1): ReLU()
          (2): Dropout(p=0.1, inplace=False)
          (3): Linear(in_features=1024, out_features=64, bias=True)
        )
        (dropout_layer): Dropout(p=0.1, inplace=False)
        (layer_norm): LayerNorm((64,), eps=1e-05, elementwise_affine=True)
      )
      (feature_projection): MergeLayer(
        (fc1): Linear(in_features=32, out_features=172, bias=True)
        (fc2): Linear(in_features=172, out_features=172, bias=True)
        (act): ReLU()
      )
    )
    (time_encoder): TimeEncoder(
      (w): Linear(in_features=1, out_features=100, bias=True)
    )
    (temporal_conv_layers): ModuleList(
      (0-1): 2 x MultiHeadAttention(
        (query_projection): Linear(in_features=272, out_features=272, bias=False)
        (key_projection): Linear(in_features=444, out_features=272, bias=False)
        (value_projection): Linear(in_features=444, out_features=272, bias=False)
        (layer_norm): LayerNorm((272,), eps=1e-05, elementwise_affine=True)
        (residual_fc): Linear(in_features=272, out_features=272, bias=True)
        (dropout): Dropout(p=0.1, inplace=False)
      )
    )
    (merge_layers): ModuleList(
      (0-1): 2 x MergeLayer(
        (fc1): Linear(in_features=444, out_features=172, bias=True)
        (fc2): Linear(in_features=172, out_features=172, bias=True)
        (act): ReLU()
      )
    )
  )
  (1): MergeLayer(
    (fc1): Linear(in_features=344, out_features=172, bias=True)
    (fc2): Linear(in_features=172, out_features=1, bias=True)
    (act): ReLU()
  )
)
2025-08-31 10:24:21,725 - root - INFO - model name: STAMPEDE, backbone: TGAT, #parameters: 8869292 B
2025-08-31 11:01:59,288 - root - INFO - Epoch: 1, learning rate: 0.0001, train loss: 0.3627
2025-08-31 11:01:59,289 - root - INFO - train average_precision, 0.9205
2025-08-31 11:01:59,289 - root - INFO - train roc_auc, 0.9202
2025-08-31 11:01:59,290 - root - INFO - validate loss: 0.3366
2025-08-31 11:01:59,290 - root - INFO - validate average_precision, 0.9281
2025-08-31 11:01:59,290 - root - INFO - validate roc_auc, 0.9244
2025-08-31 11:01:59,290 - root - INFO - new node validate loss: 0.3192
2025-08-31 11:01:59,291 - root - INFO - new node validate average_precision, 0.9310
2025-08-31 11:01:59,291 - root - INFO - new node validate roc_auc, 0.9311
2025-08-31 11:07:28,589 - root - INFO - test loss: 0.3678
2025-08-31 11:07:28,590 - root - INFO - test average_precision, 0.9135
2025-08-31 11:07:28,591 - root - INFO - best test average_precision: 0.9135
2025-08-31 11:07:28,591 - root - INFO - test roc_auc, 0.9076
2025-08-31 11:07:28,591 - root - INFO - new node test loss: 0.3630
2025-08-31 11:07:28,591 - root - INFO - new node test average_precision, 0.9126
2025-08-31 11:07:28,592 - root - INFO - new node test roc_auc, 0.9091
2025-08-31 11:07:28,622 - root - INFO - save model ./saved_models/STAMPEDE/wikipedia/STAMPEDE-TGAT-clifford-only_spatial_seed0/STAMPEDE-TGAT-clifford-only_spatial_seed0.pkl
2025-08-31 11:45:12,370 - root - INFO - Epoch: 2, learning rate: 0.0001, train loss: 0.3146
2025-08-31 11:45:12,371 - root - INFO - train average_precision, 0.9374
2025-08-31 11:45:12,372 - root - INFO - train roc_auc, 0.9351
2025-08-31 11:45:12,372 - root - INFO - validate loss: 0.3459
2025-08-31 11:45:12,372 - root - INFO - validate average_precision, 0.9301
2025-08-31 11:45:12,372 - root - INFO - validate roc_auc, 0.9240
2025-08-31 11:45:12,373 - root - INFO - new node validate loss: 0.3310
2025-08-31 11:45:12,373 - root - INFO - new node validate average_precision, 0.9337
2025-08-31 11:45:12,373 - root - INFO - new node validate roc_auc, 0.9311
2025-08-31 11:50:41,542 - root - INFO - test loss: 0.3800
2025-08-31 11:50:41,543 - root - INFO - test average_precision, 0.9133
2025-08-31 11:50:41,543 - root - INFO - best test average_precision: 0.9135
2025-08-31 11:50:41,544 - root - INFO - test roc_auc, 0.9058
2025-08-31 11:50:41,544 - root - INFO - new node test loss: 0.3750
2025-08-31 11:50:41,544 - root - INFO - new node test average_precision, 0.9150
2025-08-31 11:50:41,544 - root - INFO - new node test roc_auc, 0.9096
2025-08-31 11:50:41,544 - root - INFO - load model ./saved_models/STAMPEDE/wikipedia/STAMPEDE-TGAT-clifford-only_spatial_seed0/STAMPEDE-TGAT-clifford-only_spatial_seed0.pkl
2025-08-31 11:50:41,581 - root - INFO - get final performance on dataset wikipedia...
2025-08-31 12:01:34,902 - root - INFO - validate loss: 0.3366
2025-08-31 12:01:34,903 - root - INFO - validate average_precision, 0.9281
2025-08-31 12:01:34,903 - root - INFO - validate roc_auc, 0.9244
2025-08-31 12:01:34,903 - root - INFO - new node validate loss: 0.3192
2025-08-31 12:01:34,903 - root - INFO - new node validate average_precision, 0.9310
2025-08-31 12:01:34,904 - root - INFO - new node validate roc_auc, 0.9311
2025-08-31 12:01:34,904 - root - INFO - test loss: 0.3678
2025-08-31 12:01:34,904 - root - INFO - test average_precision, 0.9135
2025-08-31 12:01:34,904 - root - INFO - test roc_auc, 0.9076
2025-08-31 12:01:34,904 - root - INFO - new node test loss: 0.3630
2025-08-31 12:01:34,904 - root - INFO - new node test average_precision, 0.9126
2025-08-31 12:01:34,905 - root - INFO - new node test roc_auc, 0.9091
2025-08-31 12:01:34,905 - root - INFO - Run 1 cost 5833.55 seconds.
2025-08-31 12:01:34,921 - root - INFO - metrics over 1 runs:
2025-08-31 12:01:34,921 - root - INFO - validate average_precision, [np.float64(0.92811516168135)]
2025-08-31 12:01:34,921 - root - INFO - average validate average_precision, 0.9281 ± nan
2025-08-31 12:01:34,921 - root - INFO - validate roc_auc, [np.float64(0.9243742139713027)]
2025-08-31 12:01:34,921 - root - INFO - average validate roc_auc, 0.9244 ± nan
2025-08-31 12:01:34,921 - root - INFO - new node validate average_precision, [np.float64(0.931023732187772)]
2025-08-31 12:01:34,922 - root - INFO - average new node validate average_precision, 0.9310 ± nan
2025-08-31 12:01:34,922 - root - INFO - new node validate roc_auc, [np.float64(0.931113831967213)]
2025-08-31 12:01:34,922 - root - INFO - average new node validate roc_auc, 0.9311 ± nan
2025-08-31 12:01:34,922 - root - INFO - test average_precision, [np.float64(0.9135217986426089)]
2025-08-31 12:01:34,922 - root - INFO - average test average_precision, 0.9135 ± nan
2025-08-31 12:01:34,922 - root - INFO - test roc_auc, [np.float64(0.9076130745155204)]
2025-08-31 12:01:34,922 - root - INFO - average test roc_auc, 0.9076 ± nan
2025-08-31 12:01:34,922 - root - INFO - new node test average_precision, [np.float64(0.9125537713907401)]
2025-08-31 12:01:34,923 - root - INFO - average new node test average_precision, 0.9126 ± nan
2025-08-31 12:01:34,923 - root - INFO - new node test roc_auc, [np.float64(0.9091460242382494)]
2025-08-31 12:01:34,923 - root - INFO - average new node test roc_auc, 0.9091 ± nan
