2025-08-30 08:26:54,152 - root - INFO - ********** Run 1 starts. **********
2025-08-30 08:26:54,152 - root - INFO - Configuration is Namespace(dataset_name='wikipedia', batch_size=200, model_name='TGAT', gpu=0, num_neighbors=20, sample_neighbor_strategy='recent', time_scaling_factor=1e-06, num_walk_heads=8, num_heads=2, num_layers=2, walk_length=1, time_gap=2000, time_feat_dim=100, position_feat_dim=172, time_window_mode='fixed_proportion', patch_size=1, channel_embedding_dim=50, max_input_sequence_length=32, learning_rate=0.0001, dropout=0.1, gamma=0.5, num_epochs=2, optimizer='Adam', weight_decay=0.0, patience=20, val_ratio=0.15, test_ratio=0.15, num_runs=1, test_interval_epochs=1, negative_sample_strategy='random', max_interaction_times=10, load_best_configs=False, fusion_method='clifford', embedding_type='all', spatial_dim=64, temporal_dim=64, output_dim=172, backbone='TGAT', device='cuda:0', seed=0, save_model_name='TGAT_seed0')
2025-08-30 08:26:54,152 - root - INFO - Instantiating model: TGAT
2025-08-30 08:26:54,420 - root - INFO - model -> Sequential(
  (0): TGAT(
    (time_encoder): TimeEncoder(
      (w): Linear(in_features=1, out_features=100, bias=True)
    )
    (temporal_conv_layers): ModuleList(
      (0-1): 2 x MultiHeadAttention(
        (query_projection): Linear(in_features=272, out_features=272, bias=False)
        (key_projection): Linear(in_features=444, out_features=272, bias=False)
        (value_projection): Linear(in_features=444, out_features=272, bias=False)
        (layer_norm): LayerNorm((272,), eps=1e-05, elementwise_affine=True)
        (residual_fc): Linear(in_features=272, out_features=272, bias=True)
        (dropout): Dropout(p=0.1, inplace=False)
      )
    )
    (merge_layers): ModuleList(
      (0-1): 2 x MergeLayer(
        (fc1): Linear(in_features=444, out_features=172, bias=True)
        (fc2): Linear(in_features=172, out_features=172, bias=True)
        (act): ReLU()
      )
    )
  )
  (1): MergeLayer(
    (fc1): Linear(in_features=344, out_features=172, bias=True)
    (fc2): Linear(in_features=172, out_features=1, bias=True)
    (act): ReLU()
  )
)
2025-08-30 08:26:54,420 - root - INFO - model name: TGAT, backbone: TGAT, #parameters: 4211780 B
2025-08-30 08:28:23,582 - root - INFO - Epoch: 1, learning rate: 0.0001, train loss: 0.3613
2025-08-30 08:28:23,583 - root - INFO - train average_precision, 0.9223
2025-08-30 08:28:23,583 - root - INFO - train roc_auc, 0.9225
2025-08-30 08:28:23,583 - root - INFO - validate loss: 0.3361
2025-08-30 08:28:23,583 - root - INFO - validate average_precision, 0.9293
2025-08-30 08:28:23,583 - root - INFO - validate roc_auc, 0.9258
2025-08-30 08:28:23,583 - root - INFO - new node validate loss: 0.3149
2025-08-30 08:28:23,583 - root - INFO - new node validate average_precision, 0.9322
2025-08-30 08:28:23,583 - root - INFO - new node validate roc_auc, 0.9345
2025-08-30 08:28:45,746 - root - INFO - test loss: 0.3694
2025-08-30 08:28:45,747 - root - INFO - test average_precision, 0.9149
2025-08-30 08:28:45,747 - root - INFO - best test average_precision: 0.9149
2025-08-30 08:28:45,747 - root - INFO - test roc_auc, 0.9086
2025-08-30 08:28:45,747 - root - INFO - new node test loss: 0.3637
2025-08-30 08:28:45,747 - root - INFO - new node test average_precision, 0.9139
2025-08-30 08:28:45,748 - root - INFO - new node test roc_auc, 0.9116
2025-08-30 08:28:45,799 - root - INFO - save model ./saved_models/TGAT/wikipedia/TGAT_seed0/TGAT_seed0.pkl
2025-08-30 08:30:14,694 - root - INFO - Epoch: 2, learning rate: 0.0001, train loss: 0.3141
2025-08-30 08:30:14,695 - root - INFO - train average_precision, 0.9382
2025-08-30 08:30:14,695 - root - INFO - train roc_auc, 0.9355
2025-08-30 08:30:14,695 - root - INFO - validate loss: 0.3379
2025-08-30 08:30:14,695 - root - INFO - validate average_precision, 0.9328
2025-08-30 08:30:14,695 - root - INFO - validate roc_auc, 0.9272
2025-08-30 08:30:14,695 - root - INFO - new node validate loss: 0.3251
2025-08-30 08:30:14,695 - root - INFO - new node validate average_precision, 0.9340
2025-08-30 08:30:14,695 - root - INFO - new node validate roc_auc, 0.9310
2025-08-30 08:30:36,858 - root - INFO - test loss: 0.3707
2025-08-30 08:30:36,858 - root - INFO - test average_precision, 0.9181
2025-08-30 08:30:36,858 - root - INFO - best test average_precision: 0.9181
2025-08-30 08:30:36,858 - root - INFO - test roc_auc, 0.9113
2025-08-30 08:30:36,858 - root - INFO - new node test loss: 0.3673
2025-08-30 08:30:36,858 - root - INFO - new node test average_precision, 0.9175
2025-08-30 08:30:36,858 - root - INFO - new node test roc_auc, 0.9122
2025-08-30 08:30:36,858 - root - INFO - save model ./saved_models/TGAT/wikipedia/TGAT_seed0/TGAT_seed0.pkl
2025-08-30 08:30:36,912 - root - INFO - load model ./saved_models/TGAT/wikipedia/TGAT_seed0/TGAT_seed0.pkl
2025-08-30 08:30:36,931 - root - INFO - get final performance on dataset wikipedia...
2025-08-30 08:31:21,272 - root - INFO - validate loss: 0.3379
2025-08-30 08:31:21,272 - root - INFO - validate average_precision, 0.9328
2025-08-30 08:31:21,272 - root - INFO - validate roc_auc, 0.9272
2025-08-30 08:31:21,272 - root - INFO - new node validate loss: 0.3251
2025-08-30 08:31:21,272 - root - INFO - new node validate average_precision, 0.9340
2025-08-30 08:31:21,272 - root - INFO - new node validate roc_auc, 0.9310
2025-08-30 08:31:21,272 - root - INFO - test loss: 0.3707
2025-08-30 08:31:21,273 - root - INFO - test average_precision, 0.9181
2025-08-30 08:31:21,273 - root - INFO - test roc_auc, 0.9113
2025-08-30 08:31:21,273 - root - INFO - new node test loss: 0.3673
2025-08-30 08:31:21,273 - root - INFO - new node test average_precision, 0.9175
2025-08-30 08:31:21,273 - root - INFO - new node test roc_auc, 0.9122
2025-08-30 08:31:21,273 - root - INFO - Run 1 cost 267.12 seconds.
2025-08-30 08:31:21,285 - root - INFO - metrics over 1 runs:
2025-08-30 08:31:21,285 - root - INFO - validate average_precision, [np.float64(0.9327922552591156)]
2025-08-30 08:31:21,285 - root - INFO - average validate average_precision, 0.9328 ± nan
2025-08-30 08:31:21,285 - root - INFO - validate roc_auc, [np.float64(0.9272489081346825)]
2025-08-30 08:31:21,286 - root - INFO - average validate roc_auc, 0.9272 ± nan
2025-08-30 08:31:21,286 - root - INFO - new node validate average_precision, [np.float64(0.9340016729688483)]
2025-08-30 08:31:21,286 - root - INFO - average new node validate average_precision, 0.9340 ± nan
2025-08-30 08:31:21,286 - root - INFO - new node validate roc_auc, [np.float64(0.9310135245901638)]
2025-08-30 08:31:21,286 - root - INFO - average new node validate roc_auc, 0.9310 ± nan
2025-08-30 08:31:21,286 - root - INFO - test average_precision, [np.float64(0.9181070966500449)]
2025-08-30 08:31:21,287 - root - INFO - average test average_precision, 0.9181 ± nan
2025-08-30 08:31:21,287 - root - INFO - test roc_auc, [np.float64(0.911334705787077)]
2025-08-30 08:31:21,287 - root - INFO - average test roc_auc, 0.9113 ± nan
2025-08-30 08:31:21,287 - root - INFO - new node test average_precision, [np.float64(0.9175057010007388)]
2025-08-30 08:31:21,287 - root - INFO - average new node test average_precision, 0.9175 ± nan
2025-08-30 08:31:21,287 - root - INFO - new node test roc_auc, [np.float64(0.9122009644035758)]
2025-08-30 08:31:21,287 - root - INFO - average new node test roc_auc, 0.9122 ± nan
